15-Dec-2016 18:55:09.731 信息 [main] org.apache.catalina.startup.VersionLoggerListener.log Server version:        Apache Tomcat/9.0.0.M15
15-Dec-2016 18:55:09.737 信息 [main] org.apache.catalina.startup.VersionLoggerListener.log Server built:          Dec 5 2016 13:44:25 UTC
15-Dec-2016 18:55:09.739 信息 [main] org.apache.catalina.startup.VersionLoggerListener.log Server number:         9.0.0.0
15-Dec-2016 18:55:09.740 信息 [main] org.apache.catalina.startup.VersionLoggerListener.log OS Name:               Windows 7
15-Dec-2016 18:55:09.741 信息 [main] org.apache.catalina.startup.VersionLoggerListener.log OS Version:            6.1
15-Dec-2016 18:55:09.742 信息 [main] org.apache.catalina.startup.VersionLoggerListener.log Architecture:          amd64
15-Dec-2016 18:55:09.743 信息 [main] org.apache.catalina.startup.VersionLoggerListener.log Java Home:             D:\tool\Java\jdk1.8.0_101\jre
15-Dec-2016 18:55:09.745 信息 [main] org.apache.catalina.startup.VersionLoggerListener.log JVM Version:           1.8.0_101-b13
15-Dec-2016 18:55:09.746 信息 [main] org.apache.catalina.startup.VersionLoggerListener.log JVM Vendor:            Oracle Corporation
15-Dec-2016 18:55:09.747 信息 [main] org.apache.catalina.startup.VersionLoggerListener.log CATALINA_BASE:         D:\tool\apache-tomcat-9.0.0.M15
15-Dec-2016 18:55:09.748 信息 [main] org.apache.catalina.startup.VersionLoggerListener.log CATALINA_HOME:         D:\tool\apache-tomcat-9.0.0.M15
15-Dec-2016 18:55:09.749 信息 [main] org.apache.catalina.startup.VersionLoggerListener.log Command line argument: -Djava.util.logging.config.file=D:\tool\apache-tomcat-9.0.0.M15\conf\logging.properties
15-Dec-2016 18:55:09.749 信息 [main] org.apache.catalina.startup.VersionLoggerListener.log Command line argument: -Djava.util.logging.manager=org.apache.juli.ClassLoaderLogManager
15-Dec-2016 18:55:09.751 信息 [main] org.apache.catalina.startup.VersionLoggerListener.log Command line argument: -Djdk.tls.ephemeralDHKeySize=2048
15-Dec-2016 18:55:09.752 信息 [main] org.apache.catalina.startup.VersionLoggerListener.log Command line argument: -Djava.protocol.handler.pkgs=org.apache.catalina.webresources
15-Dec-2016 18:55:09.753 信息 [main] org.apache.catalina.startup.VersionLoggerListener.log Command line argument: -Dcatalina.base=D:\tool\apache-tomcat-9.0.0.M15
15-Dec-2016 18:55:09.754 信息 [main] org.apache.catalina.startup.VersionLoggerListener.log Command line argument: -Dcatalina.home=D:\tool\apache-tomcat-9.0.0.M15
15-Dec-2016 18:55:09.757 信息 [main] org.apache.catalina.startup.VersionLoggerListener.log Command line argument: -Djava.io.tmpdir=D:\tool\apache-tomcat-9.0.0.M15\temp
15-Dec-2016 18:55:09.758 信息 [main] org.apache.catalina.core.AprLifecycleListener.lifecycleEvent Loaded APR based Apache Tomcat Native library 1.2.10 using APR version 1.5.2.
15-Dec-2016 18:55:09.759 信息 [main] org.apache.catalina.core.AprLifecycleListener.lifecycleEvent APR capabilities: IPv6 [true], sendfile [true], accept filters [false], random [true].
15-Dec-2016 18:55:09.761 信息 [main] org.apache.catalina.core.AprLifecycleListener.lifecycleEvent APR/OpenSSL configuration: useAprConnector [false], useOpenSSL [true]
15-Dec-2016 18:55:10.659 信息 [main] org.apache.catalina.core.AprLifecycleListener.initializeSSL OpenSSL successfully initialized (OpenSSL 1.0.2j  26 Sep 2016)
15-Dec-2016 18:55:10.821 信息 [main] org.apache.coyote.AbstractProtocol.init Initializing ProtocolHandler ["http-nio-8080"]
15-Dec-2016 18:55:11.164 信息 [main] org.apache.tomcat.util.net.NioSelectorPool.getSharedSelector Using a shared selector for servlet write/read
15-Dec-2016 18:55:11.170 信息 [main] org.apache.coyote.AbstractProtocol.init Initializing ProtocolHandler ["ajp-nio-8009"]
15-Dec-2016 18:55:11.181 信息 [main] org.apache.tomcat.util.net.NioSelectorPool.getSharedSelector Using a shared selector for servlet write/read
15-Dec-2016 18:55:11.183 信息 [main] org.apache.catalina.startup.Catalina.load Initialization processed in 1942 ms
15-Dec-2016 18:55:11.233 信息 [main] org.apache.catalina.core.StandardService.startInternal Starting service Catalina
15-Dec-2016 18:55:11.235 信息 [main] org.apache.catalina.core.StandardEngine.startInternal Starting Servlet Engine: Apache Tomcat/9.0.0.M15
15-Dec-2016 18:55:11.252 信息 [localhost-startStop-1] org.apache.catalina.startup.HostConfig.deployDirectory Deploying web application directory D:\tool\apache-tomcat-9.0.0.M15\webapps\docs
15-Dec-2016 18:55:11.844 信息 [localhost-startStop-1] org.apache.jasper.servlet.TldScanner.scanJars At least one JAR was scanned for TLDs yet contained no TLDs. Enable debug logging for this logger for a complete list of JARs that were scanned but no TLDs were found in them. Skipping unneeded JARs during scanning can improve startup time and JSP compilation time.
15-Dec-2016 18:55:11.906 信息 [localhost-startStop-1] org.apache.catalina.startup.HostConfig.deployDirectory Deployment of web application directory D:\tool\apache-tomcat-9.0.0.M15\webapps\docs has finished in 653 ms
15-Dec-2016 18:55:11.908 信息 [localhost-startStop-1] org.apache.catalina.startup.HostConfig.deployDirectory Deploying web application directory D:\tool\apache-tomcat-9.0.0.M15\webapps\examples
15-Dec-2016 18:55:12.445 信息 [localhost-startStop-1] org.apache.jasper.servlet.TldScanner.scanJars At least one JAR was scanned for TLDs yet contained no TLDs. Enable debug logging for this logger for a complete list of JARs that were scanned but no TLDs were found in them. Skipping unneeded JARs during scanning can improve startup time and JSP compilation time.
15-Dec-2016 18:55:12.527 信息 [localhost-startStop-1] org.apache.catalina.startup.HostConfig.deployDirectory Deployment of web application directory D:\tool\apache-tomcat-9.0.0.M15\webapps\examples has finished in 619 ms
15-Dec-2016 18:55:12.529 信息 [localhost-startStop-1] org.apache.catalina.startup.HostConfig.deployDirectory Deploying web application directory D:\tool\apache-tomcat-9.0.0.M15\webapps\host-manager
15-Dec-2016 18:55:12.676 信息 [localhost-startStop-1] org.apache.jasper.servlet.TldScanner.scanJars At least one JAR was scanned for TLDs yet contained no TLDs. Enable debug logging for this logger for a complete list of JARs that were scanned but no TLDs were found in them. Skipping unneeded JARs during scanning can improve startup time and JSP compilation time.
15-Dec-2016 18:55:12.680 信息 [localhost-startStop-1] org.apache.catalina.startup.HostConfig.deployDirectory Deployment of web application directory D:\tool\apache-tomcat-9.0.0.M15\webapps\host-manager has finished in 151 ms
15-Dec-2016 18:55:12.681 信息 [localhost-startStop-1] org.apache.catalina.startup.HostConfig.deployDirectory Deploying web application directory D:\tool\apache-tomcat-9.0.0.M15\webapps\JspHome
15-Dec-2016 18:55:12.842 信息 [localhost-startStop-1] org.apache.jasper.servlet.TldScanner.scanJars At least one JAR was scanned for TLDs yet contained no TLDs. Enable debug logging for this logger for a complete list of JARs that were scanned but no TLDs were found in them. Skipping unneeded JARs during scanning can improve startup time and JSP compilation time.
15-Dec-2016 18:55:12.864 信息 [localhost-startStop-1] org.apache.catalina.startup.HostConfig.deployDirectory Deployment of web application directory D:\tool\apache-tomcat-9.0.0.M15\webapps\JspHome has finished in 183 ms
15-Dec-2016 18:55:12.865 信息 [localhost-startStop-1] org.apache.catalina.startup.HostConfig.deployDirectory Deploying web application directory D:\tool\apache-tomcat-9.0.0.M15\webapps\manager
15-Dec-2016 18:55:13.009 信息 [localhost-startStop-1] org.apache.jasper.servlet.TldScanner.scanJars At least one JAR was scanned for TLDs yet contained no TLDs. Enable debug logging for this logger for a complete list of JARs that were scanned but no TLDs were found in them. Skipping unneeded JARs during scanning can improve startup time and JSP compilation time.
15-Dec-2016 18:55:13.013 信息 [localhost-startStop-1] org.apache.catalina.startup.HostConfig.deployDirectory Deployment of web application directory D:\tool\apache-tomcat-9.0.0.M15\webapps\manager has finished in 148 ms
15-Dec-2016 18:55:13.015 信息 [localhost-startStop-1] org.apache.catalina.startup.HostConfig.deployDirectory Deploying web application directory D:\tool\apache-tomcat-9.0.0.M15\webapps\ROOT
15-Dec-2016 18:55:13.168 信息 [localhost-startStop-1] org.apache.jasper.servlet.TldScanner.scanJars At least one JAR was scanned for TLDs yet contained no TLDs. Enable debug logging for this logger for a complete list of JARs that were scanned but no TLDs were found in them. Skipping unneeded JARs during scanning can improve startup time and JSP compilation time.
15-Dec-2016 18:55:13.173 信息 [localhost-startStop-1] org.apache.catalina.startup.HostConfig.deployDirectory Deployment of web application directory D:\tool\apache-tomcat-9.0.0.M15\webapps\ROOT has finished in 158 ms
15-Dec-2016 18:55:13.177 信息 [main] org.apache.coyote.AbstractProtocol.start Starting ProtocolHandler [http-nio-8080]
15-Dec-2016 18:55:13.194 信息 [main] org.apache.coyote.AbstractProtocol.start Starting ProtocolHandler [ajp-nio-8009]
15-Dec-2016 18:55:13.199 信息 [main] org.apache.catalina.startup.Catalina.start Server startup in 2015 ms
15-Dec-2016 22:11:09.932 信息 [Thread-5] org.apache.coyote.AbstractProtocol.pause Pausing ProtocolHandler ["http-nio-8080"]
15-Dec-2016 22:11:10.894 信息 [Thread-5] org.apache.coyote.AbstractProtocol.pause Pausing ProtocolHandler ["ajp-nio-8009"]
15-Dec-2016 22:11:11.284 信息 [Thread-5] org.apache.catalina.core.StandardService.stopInternal Stopping service Catalina
15-Dec-2016 22:11:13.770 警告 [localhost-startStop-2] org.apache.catalina.loader.WebappClassLoaderBase.clearReferencesThreads The web application [JspHome] appears to have started a thread named [Abandoned connection cleanup thread] but has failed to stop it. This is very likely to create a memory leak. Stack trace of thread:
 java.lang.Object.wait(Native Method)
 java.lang.ref.ReferenceQueue.remove(ReferenceQueue.java:143)
 com.mysql.jdbc.AbandonedConnectionCleanupThread.run(AbandonedConnectionCleanupThread.java:43)
15-Dec-2016 22:11:13.953 信息 [Thread-5] org.apache.coyote.AbstractProtocol.stop Stopping ProtocolHandler ["http-nio-8080"]
15-Dec-2016 22:11:14.138 信息 [Thread-5] org.apache.coyote.AbstractProtocol.stop Stopping ProtocolHandler ["ajp-nio-8009"]
15-Dec-2016 22:11:14.270 信息 [Thread-5] org.apache.coyote.AbstractProtocol.destroy Destroying ProtocolHandler ["http-nio-8080"]
15-Dec-2016 22:11:14.273 信息 [Thread-5] org.apache.coyote.AbstractProtocol.destroy Destroying ProtocolHandler ["ajp-nio-8009"]
15-Dec-2016 22:12:08.832 信息 [main] org.apache.catalina.startup.VersionLoggerListener.log Server version:        Apache Tomcat/9.0.0.M15
15-Dec-2016 22:12:08.839 信息 [main] org.apache.catalina.startup.VersionLoggerListener.log Server built:          Dec 5 2016 13:44:25 UTC
15-Dec-2016 22:12:08.840 信息 [main] org.apache.catalina.startup.VersionLoggerListener.log Server number:         9.0.0.0
15-Dec-2016 22:12:08.841 信息 [main] org.apache.catalina.startup.VersionLoggerListener.log OS Name:               Windows 7
15-Dec-2016 22:12:08.842 信息 [main] org.apache.catalina.startup.VersionLoggerListener.log OS Version:            6.1
15-Dec-2016 22:12:08.843 信息 [main] org.apache.catalina.startup.VersionLoggerListener.log Architecture:          amd64
15-Dec-2016 22:12:08.844 信息 [main] org.apache.catalina.startup.VersionLoggerListener.log Java Home:             D:\tool\Java\jdk1.8.0_101\jre
15-Dec-2016 22:12:08.847 信息 [main] org.apache.catalina.startup.VersionLoggerListener.log JVM Version:           1.8.0_101-b13
15-Dec-2016 22:12:08.848 信息 [main] org.apache.catalina.startup.VersionLoggerListener.log JVM Vendor:            Oracle Corporation
15-Dec-2016 22:12:08.849 信息 [main] org.apache.catalina.startup.VersionLoggerListener.log CATALINA_BASE:         D:\tool\apache-tomcat-9.0.0.M15
15-Dec-2016 22:12:08.850 信息 [main] org.apache.catalina.startup.VersionLoggerListener.log CATALINA_HOME:         D:\tool\apache-tomcat-9.0.0.M15
15-Dec-2016 22:12:08.851 信息 [main] org.apache.catalina.startup.VersionLoggerListener.log Command line argument: -Djava.util.logging.config.file=D:\tool\apache-tomcat-9.0.0.M15\conf\logging.properties
15-Dec-2016 22:12:08.852 信息 [main] org.apache.catalina.startup.VersionLoggerListener.log Command line argument: -Djava.util.logging.manager=org.apache.juli.ClassLoaderLogManager
15-Dec-2016 22:12:08.853 信息 [main] org.apache.catalina.startup.VersionLoggerListener.log Command line argument: -Djdk.tls.ephemeralDHKeySize=2048
15-Dec-2016 22:12:08.854 信息 [main] org.apache.catalina.startup.VersionLoggerListener.log Command line argument: -Djava.protocol.handler.pkgs=org.apache.catalina.webresources
15-Dec-2016 22:12:08.855 信息 [main] org.apache.catalina.startup.VersionLoggerListener.log Command line argument: -Dcatalina.base=D:\tool\apache-tomcat-9.0.0.M15
15-Dec-2016 22:12:08.856 信息 [main] org.apache.catalina.startup.VersionLoggerListener.log Command line argument: -Dcatalina.home=D:\tool\apache-tomcat-9.0.0.M15
15-Dec-2016 22:12:08.857 信息 [main] org.apache.catalina.startup.VersionLoggerListener.log Command line argument: -Djava.io.tmpdir=D:\tool\apache-tomcat-9.0.0.M15\temp
15-Dec-2016 22:12:08.859 信息 [main] org.apache.catalina.core.AprLifecycleListener.lifecycleEvent Loaded APR based Apache Tomcat Native library 1.2.10 using APR version 1.5.2.
15-Dec-2016 22:12:08.860 信息 [main] org.apache.catalina.core.AprLifecycleListener.lifecycleEvent APR capabilities: IPv6 [true], sendfile [true], accept filters [false], random [true].
15-Dec-2016 22:12:08.861 信息 [main] org.apache.catalina.core.AprLifecycleListener.lifecycleEvent APR/OpenSSL configuration: useAprConnector [false], useOpenSSL [true]
15-Dec-2016 22:12:09.868 信息 [main] org.apache.catalina.core.AprLifecycleListener.initializeSSL OpenSSL successfully initialized (OpenSSL 1.0.2j  26 Sep 2016)
15-Dec-2016 22:12:10.024 信息 [main] org.apache.coyote.AbstractProtocol.init Initializing ProtocolHandler ["http-nio-8080"]
15-Dec-2016 22:12:10.367 信息 [main] org.apache.tomcat.util.net.NioSelectorPool.getSharedSelector Using a shared selector for servlet write/read
15-Dec-2016 22:12:10.371 信息 [main] org.apache.coyote.AbstractProtocol.init Initializing ProtocolHandler ["ajp-nio-8009"]
15-Dec-2016 22:12:10.376 信息 [main] org.apache.tomcat.util.net.NioSelectorPool.getSharedSelector Using a shared selector for servlet write/read
15-Dec-2016 22:12:10.377 信息 [main] org.apache.catalina.startup.Catalina.load Initialization processed in 2102 ms
15-Dec-2016 22:12:10.429 信息 [main] org.apache.catalina.core.StandardService.startInternal Starting service Catalina
15-Dec-2016 22:12:10.435 信息 [main] org.apache.catalina.core.StandardEngine.startInternal Starting Servlet Engine: Apache Tomcat/9.0.0.M15
15-Dec-2016 22:12:10.449 信息 [localhost-startStop-1] org.apache.catalina.startup.HostConfig.deployDirectory Deploying web application directory D:\tool\apache-tomcat-9.0.0.M15\webapps\docs
15-Dec-2016 22:12:11.038 信息 [localhost-startStop-1] org.apache.jasper.servlet.TldScanner.scanJars At least one JAR was scanned for TLDs yet contained no TLDs. Enable debug logging for this logger for a complete list of JARs that were scanned but no TLDs were found in them. Skipping unneeded JARs during scanning can improve startup time and JSP compilation time.
15-Dec-2016 22:12:11.130 信息 [localhost-startStop-1] org.apache.catalina.startup.HostConfig.deployDirectory Deployment of web application directory D:\tool\apache-tomcat-9.0.0.M15\webapps\docs has finished in 680 ms
15-Dec-2016 22:12:11.131 信息 [localhost-startStop-1] org.apache.catalina.startup.HostConfig.deployDirectory Deploying web application directory D:\tool\apache-tomcat-9.0.0.M15\webapps\examples
15-Dec-2016 22:12:11.621 信息 [localhost-startStop-1] org.apache.jasper.servlet.TldScanner.scanJars At least one JAR was scanned for TLDs yet contained no TLDs. Enable debug logging for this logger for a complete list of JARs that were scanned but no TLDs were found in them. Skipping unneeded JARs during scanning can improve startup time and JSP compilation time.
15-Dec-2016 22:12:11.710 信息 [localhost-startStop-1] org.apache.catalina.startup.HostConfig.deployDirectory Deployment of web application directory D:\tool\apache-tomcat-9.0.0.M15\webapps\examples has finished in 579 ms
15-Dec-2016 22:12:11.712 信息 [localhost-startStop-1] org.apache.catalina.startup.HostConfig.deployDirectory Deploying web application directory D:\tool\apache-tomcat-9.0.0.M15\webapps\host-manager
15-Dec-2016 22:12:11.884 信息 [localhost-startStop-1] org.apache.jasper.servlet.TldScanner.scanJars At least one JAR was scanned for TLDs yet contained no TLDs. Enable debug logging for this logger for a complete list of JARs that were scanned but no TLDs were found in them. Skipping unneeded JARs during scanning can improve startup time and JSP compilation time.
15-Dec-2016 22:12:11.890 信息 [localhost-startStop-1] org.apache.catalina.startup.HostConfig.deployDirectory Deployment of web application directory D:\tool\apache-tomcat-9.0.0.M15\webapps\host-manager has finished in 179 ms
15-Dec-2016 22:12:11.892 信息 [localhost-startStop-1] org.apache.catalina.startup.HostConfig.deployDirectory Deploying web application directory D:\tool\apache-tomcat-9.0.0.M15\webapps\JspHome
15-Dec-2016 22:12:12.049 信息 [localhost-startStop-1] org.apache.jasper.servlet.TldScanner.scanJars At least one JAR was scanned for TLDs yet contained no TLDs. Enable debug logging for this logger for a complete list of JARs that were scanned but no TLDs were found in them. Skipping unneeded JARs during scanning can improve startup time and JSP compilation time.
15-Dec-2016 22:12:12.070 信息 [localhost-startStop-1] org.apache.catalina.startup.HostConfig.deployDirectory Deployment of web application directory D:\tool\apache-tomcat-9.0.0.M15\webapps\JspHome has finished in 179 ms
15-Dec-2016 22:12:12.071 信息 [localhost-startStop-1] org.apache.catalina.startup.HostConfig.deployDirectory Deploying web application directory D:\tool\apache-tomcat-9.0.0.M15\webapps\manager
15-Dec-2016 22:12:12.210 信息 [localhost-startStop-1] org.apache.jasper.servlet.TldScanner.scanJars At least one JAR was scanned for TLDs yet contained no TLDs. Enable debug logging for this logger for a complete list of JARs that were scanned but no TLDs were found in them. Skipping unneeded JARs during scanning can improve startup time and JSP compilation time.
15-Dec-2016 22:12:12.213 信息 [localhost-startStop-1] org.apache.catalina.startup.HostConfig.deployDirectory Deployment of web application directory D:\tool\apache-tomcat-9.0.0.M15\webapps\manager has finished in 142 ms
15-Dec-2016 22:12:12.215 信息 [localhost-startStop-1] org.apache.catalina.startup.HostConfig.deployDirectory Deploying web application directory D:\tool\apache-tomcat-9.0.0.M15\webapps\ROOT
15-Dec-2016 22:12:12.356 信息 [localhost-startStop-1] org.apache.jasper.servlet.TldScanner.scanJars At least one JAR was scanned for TLDs yet contained no TLDs. Enable debug logging for this logger for a complete list of JARs that were scanned but no TLDs were found in them. Skipping unneeded JARs during scanning can improve startup time and JSP compilation time.
15-Dec-2016 22:12:12.360 信息 [localhost-startStop-1] org.apache.catalina.startup.HostConfig.deployDirectory Deployment of web application directory D:\tool\apache-tomcat-9.0.0.M15\webapps\ROOT has finished in 145 ms
15-Dec-2016 22:12:12.365 信息 [main] org.apache.coyote.AbstractProtocol.start Starting ProtocolHandler [http-nio-8080]
15-Dec-2016 22:12:12.377 信息 [main] org.apache.coyote.AbstractProtocol.start Starting ProtocolHandler [ajp-nio-8009]
15-Dec-2016 22:12:12.382 信息 [main] org.apache.catalina.startup.Catalina.start Server startup in 2004 ms
15-Dec-2016 22:13:37.315 信息 [Thread-5] org.apache.coyote.AbstractProtocol.pause Pausing ProtocolHandler ["http-nio-8080"]
15-Dec-2016 22:13:37.586 信息 [Thread-5] org.apache.coyote.AbstractProtocol.pause Pausing ProtocolHandler ["ajp-nio-8009"]
15-Dec-2016 22:13:37.832 信息 [Thread-5] org.apache.catalina.core.StandardService.stopInternal Stopping service Catalina
15-Dec-2016 22:13:37.920 警告 [localhost-startStop-2] org.apache.catalina.loader.WebappClassLoaderBase.clearReferencesThreads The web application [JspHome] appears to have started a thread named [Abandoned connection cleanup thread] but has failed to stop it. This is very likely to create a memory leak. Stack trace of thread:
 java.lang.Object.wait(Native Method)
 java.lang.ref.ReferenceQueue.remove(ReferenceQueue.java:143)
 com.mysql.jdbc.AbandonedConnectionCleanupThread.run(AbandonedConnectionCleanupThread.java:43)
15-Dec-2016 22:13:37.935 信息 [Thread-5] org.apache.coyote.AbstractProtocol.stop Stopping ProtocolHandler ["http-nio-8080"]
15-Dec-2016 22:13:37.941 信息 [Thread-5] org.apache.coyote.AbstractProtocol.stop Stopping ProtocolHandler ["ajp-nio-8009"]
15-Dec-2016 22:13:37.944 信息 [Thread-5] org.apache.coyote.AbstractProtocol.destroy Destroying ProtocolHandler ["http-nio-8080"]
15-Dec-2016 22:13:37.947 信息 [Thread-5] org.apache.coyote.AbstractProtocol.destroy Destroying ProtocolHandler ["ajp-nio-8009"]
15-Dec-2016 22:14:01.107 信息 [main] org.apache.catalina.startup.VersionLoggerListener.log Server version:        Apache Tomcat/9.0.0.M15
15-Dec-2016 22:14:01.113 信息 [main] org.apache.catalina.startup.VersionLoggerListener.log Server built:          Dec 5 2016 13:44:25 UTC
15-Dec-2016 22:14:01.113 信息 [main] org.apache.catalina.startup.VersionLoggerListener.log Server number:         9.0.0.0
15-Dec-2016 22:14:01.114 信息 [main] org.apache.catalina.startup.VersionLoggerListener.log OS Name:               Windows 7
15-Dec-2016 22:14:01.115 信息 [main] org.apache.catalina.startup.VersionLoggerListener.log OS Version:            6.1
15-Dec-2016 22:14:01.116 信息 [main] org.apache.catalina.startup.VersionLoggerListener.log Architecture:          amd64
15-Dec-2016 22:14:01.117 信息 [main] org.apache.catalina.startup.VersionLoggerListener.log Java Home:             D:\tool\Java\jdk1.8.0_101\jre
15-Dec-2016 22:14:01.120 信息 [main] org.apache.catalina.startup.VersionLoggerListener.log JVM Version:           1.8.0_101-b13
15-Dec-2016 22:14:01.121 信息 [main] org.apache.catalina.startup.VersionLoggerListener.log JVM Vendor:            Oracle Corporation
15-Dec-2016 22:14:01.122 信息 [main] org.apache.catalina.startup.VersionLoggerListener.log CATALINA_BASE:         D:\tool\apache-tomcat-9.0.0.M15
15-Dec-2016 22:14:01.123 信息 [main] org.apache.catalina.startup.VersionLoggerListener.log CATALINA_HOME:         D:\tool\apache-tomcat-9.0.0.M15
15-Dec-2016 22:14:01.124 信息 [main] org.apache.catalina.startup.VersionLoggerListener.log Command line argument: -Djava.util.logging.config.file=D:\tool\apache-tomcat-9.0.0.M15\conf\logging.properties
15-Dec-2016 22:14:01.125 信息 [main] org.apache.catalina.startup.VersionLoggerListener.log Command line argument: -Djava.util.logging.manager=org.apache.juli.ClassLoaderLogManager
15-Dec-2016 22:14:01.127 信息 [main] org.apache.catalina.startup.VersionLoggerListener.log Command line argument: -Djdk.tls.ephemeralDHKeySize=2048
15-Dec-2016 22:14:01.130 信息 [main] org.apache.catalina.startup.VersionLoggerListener.log Command line argument: -Djava.protocol.handler.pkgs=org.apache.catalina.webresources
15-Dec-2016 22:14:01.131 信息 [main] org.apache.catalina.startup.VersionLoggerListener.log Command line argument: -Dcatalina.base=D:\tool\apache-tomcat-9.0.0.M15
15-Dec-2016 22:14:01.133 信息 [main] org.apache.catalina.startup.VersionLoggerListener.log Command line argument: -Dcatalina.home=D:\tool\apache-tomcat-9.0.0.M15
15-Dec-2016 22:14:01.137 信息 [main] org.apache.catalina.startup.VersionLoggerListener.log Command line argument: -Djava.io.tmpdir=D:\tool\apache-tomcat-9.0.0.M15\temp
15-Dec-2016 22:14:01.139 信息 [main] org.apache.catalina.core.AprLifecycleListener.lifecycleEvent Loaded APR based Apache Tomcat Native library 1.2.10 using APR version 1.5.2.
15-Dec-2016 22:14:01.141 信息 [main] org.apache.catalina.core.AprLifecycleListener.lifecycleEvent APR capabilities: IPv6 [true], sendfile [true], accept filters [false], random [true].
15-Dec-2016 22:14:01.143 信息 [main] org.apache.catalina.core.AprLifecycleListener.lifecycleEvent APR/OpenSSL configuration: useAprConnector [false], useOpenSSL [true]
15-Dec-2016 22:14:01.975 信息 [main] org.apache.catalina.core.AprLifecycleListener.initializeSSL OpenSSL successfully initialized (OpenSSL 1.0.2j  26 Sep 2016)
15-Dec-2016 22:14:02.130 信息 [main] org.apache.coyote.AbstractProtocol.init Initializing ProtocolHandler ["http-nio-8080"]
15-Dec-2016 22:14:02.477 信息 [main] org.apache.tomcat.util.net.NioSelectorPool.getSharedSelector Using a shared selector for servlet write/read
15-Dec-2016 22:14:02.481 信息 [main] org.apache.coyote.AbstractProtocol.init Initializing ProtocolHandler ["ajp-nio-8009"]
15-Dec-2016 22:14:02.488 信息 [main] org.apache.tomcat.util.net.NioSelectorPool.getSharedSelector Using a shared selector for servlet write/read
15-Dec-2016 22:14:02.489 信息 [main] org.apache.catalina.startup.Catalina.load Initialization processed in 1889 ms
15-Dec-2016 22:14:02.525 信息 [main] org.apache.catalina.core.StandardService.startInternal Starting service Catalina
15-Dec-2016 22:14:02.527 信息 [main] org.apache.catalina.core.StandardEngine.startInternal Starting Servlet Engine: Apache Tomcat/9.0.0.M15
15-Dec-2016 22:14:02.537 信息 [localhost-startStop-1] org.apache.catalina.startup.HostConfig.deployDirectory Deploying web application directory D:\tool\apache-tomcat-9.0.0.M15\webapps\docs
15-Dec-2016 22:14:03.132 信息 [localhost-startStop-1] org.apache.jasper.servlet.TldScanner.scanJars At least one JAR was scanned for TLDs yet contained no TLDs. Enable debug logging for this logger for a complete list of JARs that were scanned but no TLDs were found in them. Skipping unneeded JARs during scanning can improve startup time and JSP compilation time.
15-Dec-2016 22:14:03.226 信息 [localhost-startStop-1] org.apache.catalina.startup.HostConfig.deployDirectory Deployment of web application directory D:\tool\apache-tomcat-9.0.0.M15\webapps\docs has finished in 688 ms
15-Dec-2016 22:14:03.229 信息 [localhost-startStop-1] org.apache.catalina.startup.HostConfig.deployDirectory Deploying web application directory D:\tool\apache-tomcat-9.0.0.M15\webapps\examples
15-Dec-2016 22:14:03.694 信息 [localhost-startStop-1] org.apache.jasper.servlet.TldScanner.scanJars At least one JAR was scanned for TLDs yet contained no TLDs. Enable debug logging for this logger for a complete list of JARs that were scanned but no TLDs were found in them. Skipping unneeded JARs during scanning can improve startup time and JSP compilation time.
15-Dec-2016 22:14:03.769 信息 [localhost-startStop-1] org.apache.catalina.startup.HostConfig.deployDirectory Deployment of web application directory D:\tool\apache-tomcat-9.0.0.M15\webapps\examples has finished in 540 ms
15-Dec-2016 22:14:03.770 信息 [localhost-startStop-1] org.apache.catalina.startup.HostConfig.deployDirectory Deploying web application directory D:\tool\apache-tomcat-9.0.0.M15\webapps\host-manager
15-Dec-2016 22:14:03.911 信息 [localhost-startStop-1] org.apache.jasper.servlet.TldScanner.scanJars At least one JAR was scanned for TLDs yet contained no TLDs. Enable debug logging for this logger for a complete list of JARs that were scanned but no TLDs were found in them. Skipping unneeded JARs during scanning can improve startup time and JSP compilation time.
15-Dec-2016 22:14:03.918 信息 [localhost-startStop-1] org.apache.catalina.startup.HostConfig.deployDirectory Deployment of web application directory D:\tool\apache-tomcat-9.0.0.M15\webapps\host-manager has finished in 148 ms
15-Dec-2016 22:14:03.919 信息 [localhost-startStop-1] org.apache.catalina.startup.HostConfig.deployDirectory Deploying web application directory D:\tool\apache-tomcat-9.0.0.M15\webapps\JspHome
15-Dec-2016 22:14:04.117 信息 [localhost-startStop-1] org.apache.jasper.servlet.TldScanner.scanJars At least one JAR was scanned for TLDs yet contained no TLDs. Enable debug logging for this logger for a complete list of JARs that were scanned but no TLDs were found in them. Skipping unneeded JARs during scanning can improve startup time and JSP compilation time.
15-Dec-2016 22:14:04.143 信息 [localhost-startStop-1] org.apache.catalina.startup.HostConfig.deployDirectory Deployment of web application directory D:\tool\apache-tomcat-9.0.0.M15\webapps\JspHome has finished in 224 ms
15-Dec-2016 22:14:04.145 信息 [localhost-startStop-1] org.apache.catalina.startup.HostConfig.deployDirectory Deploying web application directory D:\tool\apache-tomcat-9.0.0.M15\webapps\manager
15-Dec-2016 22:14:04.310 信息 [localhost-startStop-1] org.apache.jasper.servlet.TldScanner.scanJars At least one JAR was scanned for TLDs yet contained no TLDs. Enable debug logging for this logger for a complete list of JARs that were scanned but no TLDs were found in them. Skipping unneeded JARs during scanning can improve startup time and JSP compilation time.
15-Dec-2016 22:14:04.314 信息 [localhost-startStop-1] org.apache.catalina.startup.HostConfig.deployDirectory Deployment of web application directory D:\tool\apache-tomcat-9.0.0.M15\webapps\manager has finished in 169 ms
15-Dec-2016 22:14:04.315 信息 [localhost-startStop-1] org.apache.catalina.startup.HostConfig.deployDirectory Deploying web application directory D:\tool\apache-tomcat-9.0.0.M15\webapps\ROOT
15-Dec-2016 22:14:04.467 信息 [localhost-startStop-1] org.apache.jasper.servlet.TldScanner.scanJars At least one JAR was scanned for TLDs yet contained no TLDs. Enable debug logging for this logger for a complete list of JARs that were scanned but no TLDs were found in them. Skipping unneeded JARs during scanning can improve startup time and JSP compilation time.
15-Dec-2016 22:14:04.474 信息 [localhost-startStop-1] org.apache.catalina.startup.HostConfig.deployDirectory Deployment of web application directory D:\tool\apache-tomcat-9.0.0.M15\webapps\ROOT has finished in 159 ms
15-Dec-2016 22:14:04.481 信息 [main] org.apache.coyote.AbstractProtocol.start Starting ProtocolHandler [http-nio-8080]
15-Dec-2016 22:14:04.498 信息 [main] org.apache.coyote.AbstractProtocol.start Starting ProtocolHandler [ajp-nio-8009]
15-Dec-2016 22:14:04.505 信息 [main] org.apache.catalina.startup.Catalina.start Server startup in 2013 ms
15-Dec-2016 22:33:43.391 信息 [Thread-5] org.apache.coyote.AbstractProtocol.pause Pausing ProtocolHandler ["http-nio-8080"]
15-Dec-2016 22:33:43.673 信息 [Thread-5] org.apache.coyote.AbstractProtocol.pause Pausing ProtocolHandler ["ajp-nio-8009"]
15-Dec-2016 22:33:43.938 信息 [Thread-5] org.apache.catalina.core.StandardService.stopInternal Stopping service Catalina
15-Dec-2016 22:33:43.968 警告 [localhost-startStop-2] org.apache.catalina.loader.WebappClassLoaderBase.clearReferencesThreads The web application [JspHome] appears to have started a thread named [Abandoned connection cleanup thread] but has failed to stop it. This is very likely to create a memory leak. Stack trace of thread:
 java.lang.Object.wait(Native Method)
 java.lang.ref.ReferenceQueue.remove(ReferenceQueue.java:143)
 com.mysql.jdbc.AbandonedConnectionCleanupThread.run(AbandonedConnectionCleanupThread.java:43)
15-Dec-2016 22:33:43.977 信息 [Thread-5] org.apache.coyote.AbstractProtocol.stop Stopping ProtocolHandler ["http-nio-8080"]
15-Dec-2016 22:33:43.984 信息 [Thread-5] org.apache.coyote.AbstractProtocol.stop Stopping ProtocolHandler ["ajp-nio-8009"]
15-Dec-2016 22:33:43.987 信息 [Thread-5] org.apache.coyote.AbstractProtocol.destroy Destroying ProtocolHandler ["http-nio-8080"]
15-Dec-2016 22:33:43.989 信息 [Thread-5] org.apache.coyote.AbstractProtocol.destroy Destroying ProtocolHandler ["ajp-nio-8009"]
15-Dec-2016 22:33:51.789 信息 [main] org.apache.catalina.startup.VersionLoggerListener.log Server version:        Apache Tomcat/9.0.0.M15
15-Dec-2016 22:33:51.794 信息 [main] org.apache.catalina.startup.VersionLoggerListener.log Server built:          Dec 5 2016 13:44:25 UTC
15-Dec-2016 22:33:51.794 信息 [main] org.apache.catalina.startup.VersionLoggerListener.log Server number:         9.0.0.0
15-Dec-2016 22:33:51.795 信息 [main] org.apache.catalina.startup.VersionLoggerListener.log OS Name:               Windows 7
15-Dec-2016 22:33:51.796 信息 [main] org.apache.catalina.startup.VersionLoggerListener.log OS Version:            6.1
15-Dec-2016 22:33:51.797 信息 [main] org.apache.catalina.startup.VersionLoggerListener.log Architecture:          amd64
15-Dec-2016 22:33:51.797 信息 [main] org.apache.catalina.startup.VersionLoggerListener.log Java Home:             D:\tool\Java\jdk1.8.0_101\jre
15-Dec-2016 22:33:51.800 信息 [main] org.apache.catalina.startup.VersionLoggerListener.log JVM Version:           1.8.0_101-b13
15-Dec-2016 22:33:51.801 信息 [main] org.apache.catalina.startup.VersionLoggerListener.log JVM Vendor:            Oracle Corporation
15-Dec-2016 22:33:51.802 信息 [main] org.apache.catalina.startup.VersionLoggerListener.log CATALINA_BASE:         D:\tool\apache-tomcat-9.0.0.M15
15-Dec-2016 22:33:51.803 信息 [main] org.apache.catalina.startup.VersionLoggerListener.log CATALINA_HOME:         D:\tool\apache-tomcat-9.0.0.M15
15-Dec-2016 22:33:51.804 信息 [main] org.apache.catalina.startup.VersionLoggerListener.log Command line argument: -Djava.util.logging.config.file=D:\tool\apache-tomcat-9.0.0.M15\conf\logging.properties
15-Dec-2016 22:33:51.804 信息 [main] org.apache.catalina.startup.VersionLoggerListener.log Command line argument: -Djava.util.logging.manager=org.apache.juli.ClassLoaderLogManager
15-Dec-2016 22:33:51.806 信息 [main] org.apache.catalina.startup.VersionLoggerListener.log Command line argument: -Djdk.tls.ephemeralDHKeySize=2048
15-Dec-2016 22:33:51.807 信息 [main] org.apache.catalina.startup.VersionLoggerListener.log Command line argument: -Djava.protocol.handler.pkgs=org.apache.catalina.webresources
15-Dec-2016 22:33:51.808 信息 [main] org.apache.catalina.startup.VersionLoggerListener.log Command line argument: -Dcatalina.base=D:\tool\apache-tomcat-9.0.0.M15
15-Dec-2016 22:33:51.810 信息 [main] org.apache.catalina.startup.VersionLoggerListener.log Command line argument: -Dcatalina.home=D:\tool\apache-tomcat-9.0.0.M15
15-Dec-2016 22:33:51.811 信息 [main] org.apache.catalina.startup.VersionLoggerListener.log Command line argument: -Djava.io.tmpdir=D:\tool\apache-tomcat-9.0.0.M15\temp
15-Dec-2016 22:33:51.813 信息 [main] org.apache.catalina.core.AprLifecycleListener.lifecycleEvent Loaded APR based Apache Tomcat Native library 1.2.10 using APR version 1.5.2.
15-Dec-2016 22:33:51.814 信息 [main] org.apache.catalina.core.AprLifecycleListener.lifecycleEvent APR capabilities: IPv6 [true], sendfile [true], accept filters [false], random [true].
15-Dec-2016 22:33:51.815 信息 [main] org.apache.catalina.core.AprLifecycleListener.lifecycleEvent APR/OpenSSL configuration: useAprConnector [false], useOpenSSL [true]
15-Dec-2016 22:33:52.765 信息 [main] org.apache.catalina.core.AprLifecycleListener.initializeSSL OpenSSL successfully initialized (OpenSSL 1.0.2j  26 Sep 2016)
15-Dec-2016 22:33:52.937 信息 [main] org.apache.coyote.AbstractProtocol.init Initializing ProtocolHandler ["http-nio-8080"]
15-Dec-2016 22:33:53.426 信息 [main] org.apache.tomcat.util.net.NioSelectorPool.getSharedSelector Using a shared selector for servlet write/read
15-Dec-2016 22:33:53.431 信息 [main] org.apache.coyote.AbstractProtocol.init Initializing ProtocolHandler ["ajp-nio-8009"]
15-Dec-2016 22:33:53.437 信息 [main] org.apache.tomcat.util.net.NioSelectorPool.getSharedSelector Using a shared selector for servlet write/read
15-Dec-2016 22:33:53.438 信息 [main] org.apache.catalina.startup.Catalina.load Initialization processed in 2182 ms
15-Dec-2016 22:33:53.470 信息 [main] org.apache.catalina.core.StandardService.startInternal Starting service Catalina
15-Dec-2016 22:33:53.472 信息 [main] org.apache.catalina.core.StandardEngine.startInternal Starting Servlet Engine: Apache Tomcat/9.0.0.M15
15-Dec-2016 22:33:53.482 信息 [localhost-startStop-1] org.apache.catalina.startup.HostConfig.deployDirectory Deploying web application directory D:\tool\apache-tomcat-9.0.0.M15\webapps\docs
15-Dec-2016 22:33:54.109 信息 [localhost-startStop-1] org.apache.jasper.servlet.TldScanner.scanJars At least one JAR was scanned for TLDs yet contained no TLDs. Enable debug logging for this logger for a complete list of JARs that were scanned but no TLDs were found in them. Skipping unneeded JARs during scanning can improve startup time and JSP compilation time.
15-Dec-2016 22:33:54.171 信息 [localhost-startStop-1] org.apache.catalina.startup.HostConfig.deployDirectory Deployment of web application directory D:\tool\apache-tomcat-9.0.0.M15\webapps\docs has finished in 689 ms
15-Dec-2016 22:33:54.173 信息 [localhost-startStop-1] org.apache.catalina.startup.HostConfig.deployDirectory Deploying web application directory D:\tool\apache-tomcat-9.0.0.M15\webapps\examples
15-Dec-2016 22:33:54.718 信息 [localhost-startStop-1] org.apache.jasper.servlet.TldScanner.scanJars At least one JAR was scanned for TLDs yet contained no TLDs. Enable debug logging for this logger for a complete list of JARs that were scanned but no TLDs were found in them. Skipping unneeded JARs during scanning can improve startup time and JSP compilation time.
15-Dec-2016 22:33:54.791 信息 [localhost-startStop-1] org.apache.catalina.startup.HostConfig.deployDirectory Deployment of web application directory D:\tool\apache-tomcat-9.0.0.M15\webapps\examples has finished in 619 ms
15-Dec-2016 22:33:54.793 信息 [localhost-startStop-1] org.apache.catalina.startup.HostConfig.deployDirectory Deploying web application directory D:\tool\apache-tomcat-9.0.0.M15\webapps\host-manager
15-Dec-2016 22:33:54.941 信息 [localhost-startStop-1] org.apache.jasper.servlet.TldScanner.scanJars At least one JAR was scanned for TLDs yet contained no TLDs. Enable debug logging for this logger for a complete list of JARs that were scanned but no TLDs were found in them. Skipping unneeded JARs during scanning can improve startup time and JSP compilation time.
15-Dec-2016 22:33:54.946 信息 [localhost-startStop-1] org.apache.catalina.startup.HostConfig.deployDirectory Deployment of web application directory D:\tool\apache-tomcat-9.0.0.M15\webapps\host-manager has finished in 154 ms
15-Dec-2016 22:33:54.947 信息 [localhost-startStop-1] org.apache.catalina.startup.HostConfig.deployDirectory Deploying web application directory D:\tool\apache-tomcat-9.0.0.M15\webapps\JspHome
15-Dec-2016 22:33:55.150 信息 [localhost-startStop-1] org.apache.jasper.servlet.TldScanner.scanJars At least one JAR was scanned for TLDs yet contained no TLDs. Enable debug logging for this logger for a complete list of JARs that were scanned but no TLDs were found in them. Skipping unneeded JARs during scanning can improve startup time and JSP compilation time.
15-Dec-2016 22:33:55.176 信息 [localhost-startStop-1] org.apache.catalina.startup.HostConfig.deployDirectory Deployment of web application directory D:\tool\apache-tomcat-9.0.0.M15\webapps\JspHome has finished in 229 ms
15-Dec-2016 22:33:55.177 信息 [localhost-startStop-1] org.apache.catalina.startup.HostConfig.deployDirectory Deploying web application directory D:\tool\apache-tomcat-9.0.0.M15\webapps\manager
15-Dec-2016 22:33:55.319 信息 [localhost-startStop-1] org.apache.jasper.servlet.TldScanner.scanJars At least one JAR was scanned for TLDs yet contained no TLDs. Enable debug logging for this logger for a complete list of JARs that were scanned but no TLDs were found in them. Skipping unneeded JARs during scanning can improve startup time and JSP compilation time.
15-Dec-2016 22:33:55.324 信息 [localhost-startStop-1] org.apache.catalina.startup.HostConfig.deployDirectory Deployment of web application directory D:\tool\apache-tomcat-9.0.0.M15\webapps\manager has finished in 146 ms
15-Dec-2016 22:33:55.325 信息 [localhost-startStop-1] org.apache.catalina.startup.HostConfig.deployDirectory Deploying web application directory D:\tool\apache-tomcat-9.0.0.M15\webapps\ROOT
15-Dec-2016 22:33:55.436 信息 [localhost-startStop-1] org.apache.jasper.servlet.TldScanner.scanJars At least one JAR was scanned for TLDs yet contained no TLDs. Enable debug logging for this logger for a complete list of JARs that were scanned but no TLDs were found in them. Skipping unneeded JARs during scanning can improve startup time and JSP compilation time.
15-Dec-2016 22:33:55.441 信息 [localhost-startStop-1] org.apache.catalina.startup.HostConfig.deployDirectory Deployment of web application directory D:\tool\apache-tomcat-9.0.0.M15\webapps\ROOT has finished in 115 ms
15-Dec-2016 22:33:55.446 信息 [main] org.apache.coyote.AbstractProtocol.start Starting ProtocolHandler [http-nio-8080]
15-Dec-2016 22:33:55.457 信息 [main] org.apache.coyote.AbstractProtocol.start Starting ProtocolHandler [ajp-nio-8009]
15-Dec-2016 22:33:55.462 信息 [main] org.apache.catalina.startup.Catalina.start Server startup in 2022 ms
